\BOOKMARK [1][-]{section*.4}{\376\377\000L\000i\000s\000t\000\040\000o\000f\000\040\000F\000i\000g\000u\000r\000e\000s}{}% 1
\BOOKMARK [1][-]{section*.5}{\376\377\000L\000i\000s\000t\000\040\000o\000f\000\040\000T\000a\000b\000l\000e\000s}{}% 2
\BOOKMARK [1][-]{section.1}{\376\377\000I\000N\000T\000R\000O\000D\000U\000C\000T\000I\000O\000N}{}% 3
\BOOKMARK [2][-]{subsection.1.1}{\376\377\000M\000o\000t\000i\000v\000a\000t\000i\000o\000n}{section.1}% 4
\BOOKMARK [2][-]{subsection.1.2}{\376\377\000A\000v\000a\000i\000l\000a\000b\000l\000e\000\040\000s\000o\000l\000u\000t\000i\000o\000n\000s}{section.1}% 5
\BOOKMARK [2][-]{subsection.1.3}{\376\377\000P\000r\000o\000b\000l\000e\000m\000\040\000s\000t\000a\000t\000e\000m\000e\000n\000t}{section.1}% 6
\BOOKMARK [2][-]{subsection.1.4}{\376\377\000S\000c\000o\000p\000e\000\040\000a\000n\000d\000\040\000o\000b\000j\000e\000c\000t\000i\000v\000e\000s}{section.1}% 7
\BOOKMARK [1][-]{section.2}{\376\377\000S\000Y\000S\000T\000E\000M\000\040\000A\000N\000A\000L\000Y\000S\000I\000S\000\040\000A\000N\000D\000\040\000D\000E\000S\000I\000G\000N}{}% 8
\BOOKMARK [2][-]{subsection.2.1}{\376\377\000C\000u\000r\000r\000e\000n\000t\000\040\000c\000o\000d\000e\000\040\000b\000a\000s\000e\000\040\000s\000t\000r\000u\000c\000t\000u\000r\000e}{section.2}% 9
\BOOKMARK [2][-]{subsection.2.2}{\376\377\000I\000m\000p\000l\000e\000m\000e\000n\000t\000e\000d\000\040\000A\000P\000I\000s}{section.2}% 10
\BOOKMARK [1][-]{section.3}{\376\377\000T\000H\000E\000O\000R\000E\000T\000I\000C\000A\000L\000\040\000B\000A\000S\000I\000S}{}% 11
\BOOKMARK [2][-]{subsection.3.1}{\376\377\000M\000o\000d\000e\000l}{section.3}% 12
\BOOKMARK [3][-]{subsubsection.3.1.1}{\376\377\000M\000o\000d\000e\000l\000-\000V\000i\000e\000w\000-\000C\000o\000n\000t\000r\000o\000l\000l\000e\000r\000\040\000\050\000M\000V\000C\000\051}{subsection.3.1}% 13
\BOOKMARK [3][-]{subsubsection.3.1.2}{\376\377\000M\000o\000d\000e\000l\000-\000V\000i\000e\000w\000-\000V\000i\000e\000w\000M\000o\000d\000e\000l\000\040\000\050\000M\000V\000V\000M\000\051}{subsection.3.1}% 14
\BOOKMARK [2][-]{subsection.3.2}{\376\377\000F\000r\000o\000n\000t\000e\000n\000d}{section.3}% 15
\BOOKMARK [2][-]{subsection.3.3}{\376\377\000B\000a\000c\000k\000e\000n\000d}{section.3}% 16
\BOOKMARK [2][-]{subsection.3.4}{\376\377\000D\000a\000t\000a\000b\000a\000s\000e}{section.3}% 17
\BOOKMARK [1][-]{section.4}{\376\377\000I\000M\000P\000L\000E\000M\000E\000N\000T\000A\000T\000I\000O\000N}{}% 18
\BOOKMARK [2][-]{subsection.4.1}{\376\377\000B\000u\000s\000\040\000S\000e\000r\000v\000i\000c\000e\000s\000\040\000I\000n\000t\000e\000g\000r\000a\000t\000i\000o\000n}{section.4}% 19
\BOOKMARK [3][-]{subsubsection.4.1.1}{\376\377\000T\000h\000e\000\040\000d\000a\000t\000a\000\040\000m\000i\000n\000i\000n\000g\000\040\000p\000r\000o\000c\000e\000s\000s}{subsection.4.1}% 20
\BOOKMARK [3][-]{subsubsection.4.1.2}{\376\377\000D\000a\000t\000a\000\040\000s\000t\000o\000r\000a\000g\000e\000\040\000o\000f\000\040\000b\000u\000s\000\040\000s\000e\000r\000v\000i\000c\000e\000s}{subsection.4.1}% 21
\BOOKMARK [2][-]{subsection.4.2}{\376\377\000i\000O\000S\000\040\000A\000p\000p\000\040\000D\000e\000v\000e\000l\000o\000p\000m\000e\000n\000t}{section.4}% 22
\BOOKMARK [1][-]{section.5}{\376\377\000W\000O\000R\000K\000\040\000E\000V\000A\000L\000U\000A\000T\000I\000O\000N\000\040\000A\000N\000D\000\040\000F\000U\000T\000U\000R\000E\000\040\000P\000L\000A\000N\000S}{}% 23
\BOOKMARK [2][-]{subsection.5.1}{\376\377\000W\000o\000r\000k\000\040\000E\000v\000a\000l\000u\000a\000t\000i\000o\000n}{section.5}% 24
\BOOKMARK [2][-]{subsection.5.2}{\376\377\000F\000u\000t\000u\000r\000e\000\040\000P\000l\000a\000n\000s}{section.5}% 25
